<?xml version="1.0" encoding="UTF-8"?>
<coverage generated="1790074036021" clover="3.2.0">
  <project timestamp="1790074036021" name="All files">
    <metrics statements="22" coveredstatements="22" conditionals="7" coveredconditionals="7" methods="4" coveredmethods="4" elements="33" coveredelements="33" complexity="0" loc="22" ncloc="22" packages="1" files="6" classes="6"/>
    <file name="agent-contract.ts" path="/Users/raffaele.pacilio/Downloads/hackton/packages/contracts/src/agent-contract.ts">
      <metrics statements="0" coveredstatements="0" conditionals="1" coveredconditionals="1" methods="1" coveredmethods="1"/>
    </file>
    <file name="index.ts" path="/Users/raffaele.pacilio/Downloads/hackton/packages/contracts/src/index.ts">
      <metrics statements="1" coveredstatements="1" conditionals="0" coveredconditionals="0" methods="0" coveredmethods="0"/>
      <line num="1" count="1" type="stmt"/>
    </file>
    <file name="interaction-contract.ts" path="/Users/raffaele.pacilio/Downloads/hackton/packages/contracts/src/interaction-contract.ts">
      <metrics statements="1" coveredstatements="1" conditionals="0" coveredconditionals="0" methods="0" coveredmethods="0"/>
      <line num="1" count="1" type="stmt"/>
    </file>
    <file name="redact.ts" path="/Users/raffaele.pacilio/Downloads/hackton/packages/contracts/src/redact.ts">
      <metrics statements="19" coveredstatements="19" conditionals="5" coveredconditionals="5" methods="2" coveredmethods="2"/>
      <line num="3" count="14" type="cond" truecount="1" falsecount="0"/>
      <line num="4" count="14" type="cond" truecount="2" falsecount="0"/>
      <line num="7" count="12" type="stmt"/>
      <line num="8" count="14" type="cond" truecount="1" falsecount="0"/>
      <line num="9" count="14" type="stmt"/>
      <line num="10" count="14" type="stmt"/>
      <line num="11" count="14" type="stmt"/>
      <line num="13" count="1" type="cond" truecount="1" falsecount="0"/>
      <line num="14" count="9" type="stmt"/>
      <line num="15" count="9" type="stmt"/>
      <line num="16" count="9" type="stmt"/>
      <line num="17" count="9" type="stmt"/>
      <line num="18" count="9" type="stmt"/>
      <line num="19" count="9" type="stmt"/>
      <line num="20" count="9" type="stmt"/>
      <line num="21" count="9" type="stmt"/>
      <line num="22" count="9" type="stmt"/>
      <line num="23" count="9" type="stmt"/>
      <line num="24" count="9" type="stmt"/>
    </file>
    <file name="semantic-page-model.ts" path="/Users/raffaele.pacilio/Downloads/hackton/packages/contracts/src/semantic-page-model.ts">
      <metrics statements="1" coveredstatements="1" conditionals="0" coveredconditionals="0" methods="0" coveredmethods="0"/>
      <line num="1" count="1" type="stmt"/>
    </file>
    <file name="skill-contract.ts" path="/Users/raffaele.pacilio/Downloads/hackton/packages/contracts/src/skill-contract.ts">
      <metrics statements="0" coveredstatements="0" conditionals="1" coveredconditionals="1" methods="1" coveredmethods="1"/>
    </file>
  </project>
</coverage>
