{"/Users/raffaele.pacilio/Downloads/hackton/packages/contracts/src/agent-contract.ts": {"path":"/Users/raffaele.pacilio/Downloads/hackton/packages/contracts/src/agent-contract.ts","all":true,"statementMap":{},"s":{},"branchMap":{"0":{"type":"branch","line":1,"loc":{"start":{"line":1,"column":2185},"end":{"line":82,"column":1}},"locations":[{"start":{"line":1,"column":2185},"end":{"line":82,"column":1}}]}},"b":{"0":[1]},"fnMap":{"0":{"name":"(empty-report)","decl":{"start":{"line":1,"column":2185},"end":{"line":82,"column":1}},"loc":{"start":{"line":1,"column":2185},"end":{"line":82,"column":1}},"line":1}},"f":{"0":1}}
,"/Users/raffaele.pacilio/Downloads/hackton/packages/contracts/src/index.ts": {"path":"/Users/raffaele.pacilio/Downloads/hackton/packages/contracts/src/index.ts","all":false,"statementMap":{"0":{"start":{"line":1,"column":0},"end":{"line":1,"column":8}}},"s":{"0":1},"branchMap":{},"b":{},"fnMap":{},"f":{}}
,"/Users/raffaele.pacilio/Downloads/hackton/packages/contracts/src/interaction-contract.ts": {"path":"/Users/raffaele.pacilio/Downloads/hackton/packages/contracts/src/interaction-contract.ts","all":false,"statementMap":{"0":{"start":{"line":1,"column":0},"end":{"line":1,"column":61}}},"s":{"0":1},"branchMap":{},"b":{},"fnMap":{},"f":{}}
,"/Users/raffaele.pacilio/Downloads/hackton/packages/contracts/src/redact.ts": {"path":"/Users/raffaele.pacilio/Downloads/hackton/packages/contracts/src/redact.ts","all":false,"statementMap":{"2":{"start":{"line":3,"column":0},"end":{"line":3,"column":62}},"3":{"start":{"line":4,"column":0},"end":{"line":4,"column":31}},"6":{"start":{"line":7,"column":0},"end":{"line":7,"column":18}},"7":{"start":{"line":8,"column":0},"end":{"line":8,"column":63}},"8":{"start":{"line":9,"column":0},"end":{"line":9,"column":43}},"9":{"start":{"line":10,"column":0},"end":{"line":10,"column":42}},"10":{"start":{"line":11,"column":0},"end":{"line":11,"column":1}},"12":{"start":{"line":13,"column":0},"end":{"line":13,"column":69}},"13":{"start":{"line":14,"column":0},"end":{"line":14,"column":26}},"14":{"start":{"line":15,"column":0},"end":{"line":15,"column":10}},"15":{"start":{"line":16,"column":0},"end":{"line":16,"column":13}},"16":{"start":{"line":17,"column":0},"end":{"line":17,"column":37}},"17":{"start":{"line":18,"column":0},"end":{"line":18,"column":35}},"18":{"start":{"line":19,"column":0},"end":{"line":19,"column":40}},"19":{"start":{"line":20,"column":0},"end":{"line":20,"column":37}},"20":{"start":{"line":21,"column":0},"end":{"line":21,"column":37}},"21":{"start":{"line":22,"column":0},"end":{"line":22,"column":36}},"22":{"start":{"line":23,"column":0},"end":{"line":23,"column":4}},"23":{"start":{"line":24,"column":0},"end":{"line":24,"column":1}}},"s":{"2":14,"3":14,"6":12,"7":14,"8":14,"9":14,"10":14,"12":1,"13":9,"14":9,"15":9,"16":9,"17":9,"18":9,"19":9,"20":9,"21":9,"22":9,"23":9},"branchMap":{"0":{"type":"branch","line":3,"loc":{"start":{"line":3,"column":0},"end":{"line":11,"column":1}},"locations":[{"start":{"line":3,"column":0},"end":{"line":11,"column":1}}]},"1":{"type":"branch","line":4,"loc":{"start":{"line":4,"column":21},"end":{"line":4,"column":31}},"locations":[{"start":{"line":4,"column":21},"end":{"line":4,"column":31}}]},"2":{"type":"branch","line":4,"loc":{"start":{"line":4,"column":28},"end":{"line":8,"column":30}},"locations":[{"start":{"line":4,"column":28},"end":{"line":8,"column":30}}]},"3":{"type":"branch","line":8,"loc":{"start":{"line":8,"column":17},"end":{"line":8,"column":63}},"locations":[{"start":{"line":8,"column":17},"end":{"line":8,"column":63}}]},"4":{"type":"branch","line":13,"loc":{"start":{"line":13,"column":7},"end":{"line":24,"column":1}},"locations":[{"start":{"line":13,"column":7},"end":{"line":24,"column":1}}]}},"b":{"0":[14],"1":[2],"2":[12],"3":[11],"4":[9]},"fnMap":{"0":{"name":"redactElement","decl":{"start":{"line":3,"column":0},"end":{"line":11,"column":1}},"loc":{"start":{"line":3,"column":0},"end":{"line":11,"column":1}},"line":3},"1":{"name":"redact","decl":{"start":{"line":13,"column":7},"end":{"line":24,"column":1}},"loc":{"start":{"line":13,"column":7},"end":{"line":24,"column":1}},"line":13}},"f":{"0":14,"1":9}}
,"/Users/raffaele.pacilio/Downloads/hackton/packages/contracts/src/semantic-page-model.ts": {"path":"/Users/raffaele.pacilio/Downloads/hackton/packages/contracts/src/semantic-page-model.ts","all":false,"statementMap":{"0":{"start":{"line":1,"column":0},"end":{"line":1,"column":55}}},"s":{"0":1},"branchMap":{},"b":{},"fnMap":{},"f":{}}
,"/Users/raffaele.pacilio/Downloads/hackton/packages/contracts/src/skill-contract.ts": {"path":"/Users/raffaele.pacilio/Downloads/hackton/packages/contracts/src/skill-contract.ts","all":true,"statementMap":{},"s":{},"branchMap":{"0":{"type":"branch","line":1,"loc":{"start":{"line":1,"column":1569},"end":{"line":53,"column":1}},"locations":[{"start":{"line":1,"column":1569},"end":{"line":53,"column":1}}]}},"b":{"0":[1]},"fnMap":{"0":{"name":"(empty-report)","decl":{"start":{"line":1,"column":1569},"end":{"line":53,"column":1}},"loc":{"start":{"line":1,"column":1569},"end":{"line":53,"column":1}},"line":1}},"f":{"0":1}}
}
